# JRE version: OpenJDK Runtime Environment (11.0.10) (build 11.0.10+0-b96-7249189)
# Java VM: OpenJDK 64-Bit Server VM (11.0.10+0-b96-7249189, mixed mode, tiered, compressed oops, g1 gc, windows-amd64)
Heap:
 garbage-first heap   total 155648K, used 70466K [0x0000000080000000, 0x0000000100000000)
  region size 1024K, 5 young (5120K), 5 survivors (5120K)
 Metaspace       used 80926K, capacity 83006K, committed 83328K, reserved 1122304K
  class space    used 10511K, capacity 11298K, committed 11392K, reserved 1048576K
GC Heap History (20 events):
Event: 32.929 GC heap after
{Heap after GC invocations=54 (full 0):
 garbage-first heap   total 78848K, used 53175K [0x0000000080000000, 0x0000000100000000)
  region size 1024K, 2 young (2048K), 2 survivors (2048K)
 Metaspace       used 63367K, capacity 65058K, committed 65280K, reserved 1105920K
  class space    used 8053K, capacity 8631K, committed 8704K, reserved 1048576K
}
Event: 33.180 GC heap before
{Heap before GC invocations=55 (full 0):
 garbage-first heap   total 78848K, used 62391K [0x0000000080000000, 0x0000000100000000)
  region size 1024K, 11 young (11264K), 2 survivors (2048K)
 Metaspace       used 63658K, capacity 65256K, committed 65536K, reserved 1105920K
  class space    used 8083K, capacity 8633K, committed 8704K, reserved 1048576K
}
Event: 33.186 GC heap after
{Heap after GC invocations=56 (full 0):
 garbage-first heap   total 78848K, used 54154K [0x0000000080000000, 0x0000000100000000)
  region size 1024K, 2 young (2048K), 2 survivors (2048K)
 Metaspace       used 63658K, capacity 65256K, committed 65536K, reserved 1105920K
  class space    used 8083K, capacity 8633K, committed 8704K, reserved 1048576K
}
Event: 33.464 GC heap before
{Heap before GC invocations=56 (full 0):
 garbage-first heap   total 78848K, used 62346K [0x0000000080000000, 0x0000000100000000)
  region size 1024K, 10 young (10240K), 2 survivors (2048K)
 Metaspace       used 64625K, capacity 66220K, committed 66432K, reserved 1107968K
  class space    used 8218K, capacity 8761K, committed 8832K, reserved 1048576K
}
Event: 33.471 GC heap after
{Heap after GC invocations=57 (full 0):
 garbage-first heap   total 102400K, used 54717K [0x0000000080000000, 0x0000000100000000)
  region size 1024K, 2 young (2048K), 2 survivors (2048K)
 Metaspace       used 64625K, capacity 66220K, committed 66432K, reserved 1107968K
  class space    used 8218K, capacity 8761K, committed 8832K, reserved 1048576K
}
Event: 34.442 GC heap before
{Heap before GC invocations=58 (full 0):
 garbage-first heap   total 102400K, used 71101K [0x0000000080000000, 0x0000000100000000)
  region size 1024K, 18 young (18432K), 2 survivors (2048K)
 Metaspace       used 66895K, capacity 68494K, committed 68736K, reserved 1107968K
  class space    used 8640K, capacity 9218K, committed 9344K, reserved 1048576K
}
Event: 34.450 GC heap after
{Heap after GC invocations=59 (full 0):
 garbage-first heap   total 102400K, used 55429K [0x0000000080000000, 0x0000000100000000)
  region size 1024K, 3 young (3072K), 3 survivors (3072K)
 Metaspace       used 66895K, capacity 68494K, committed 68736K, reserved 1107968K
  class space    used 8640K, capacity 9218K, committed 9344K, reserved 1048576K
}
Event: 35.232 GC heap before
{Heap before GC invocations=59 (full 0):
 garbage-first heap   total 102400K, used 72837K [0x0000000080000000, 0x0000000100000000)
  region size 1024K, 20 young (20480K), 3 survivors (3072K)
 Metaspace       used 68585K, capacity 70203K, committed 70400K, reserved 1110016K
  class space    used 8867K, capacity 9462K, committed 9472K, reserved 1048576K
}
Event: 35.243 GC heap after
{Heap after GC invocations=60 (full 0):
 garbage-first heap   total 102400K, used 56515K [0x0000000080000000, 0x0000000100000000)
  region size 1024K, 3 young (3072K), 3 survivors (3072K)
 Metaspace       used 68585K, capacity 70203K, committed 70400K, reserved 1110016K
  class space    used 8867K, capacity 9462K, committed 9472K, reserved 1048576K
}
Event: 36.051 GC heap before
{Heap before GC invocations=61 (full 0):
 garbage-first heap   total 102400K, used 74947K [0x0000000080000000, 0x0000000100000000)
  region size 1024K, 21 young (21504K), 3 survivors (3072K)
 Metaspace       used 70526K, capacity 72174K, committed 72320K, reserved 1112064K
  class space    used 9157K, capacity 9732K, committed 9856K, reserved 1048576K
}
Event: 36.061 GC heap after
{Heap after GC invocations=62 (full 0):
 garbage-first heap   total 102400K, used 57669K [0x0000000080000000, 0x0000000100000000)
  region size 1024K, 3 young (3072K), 3 survivors (3072K)
 Metaspace       used 70526K, capacity 72174K, committed 72320K, reserved 1112064K
  class space    used 9157K, capacity 9732K, committed 9856K, reserved 1048576K
}
Event: 36.868 GC heap before
{Heap before GC invocations=62 (full 0):
 garbage-first heap   total 102400K, used 76101K [0x0000000080000000, 0x0000000100000000)
  region size 1024K, 21 young (21504K), 3 survivors (3072K)
 Metaspace       used 73311K, capacity 74994K, committed 75264K, reserved 1114112K
  class space    used 9554K, capacity 10172K, committed 10240K, reserved 1048576K
}
Event: 36.882 GC heap after
{Heap after GC invocations=63 (full 0):
 garbage-first heap   total 129024K, used 58739K [0x0000000080000000, 0x0000000100000000)
  region size 1024K, 3 young (3072K), 3 survivors (3072K)
 Metaspace       used 73311K, capacity 74994K, committed 75264K, reserved 1114112K
  class space    used 9554K, capacity 10172K, committed 10240K, reserved 1048576K
}
Event: 38.906 GC heap before
{Heap before GC invocations=64 (full 0):
 garbage-first heap   total 129024K, used 91507K [0x0000000080000000, 0x0000000100000000)
  region size 1024K, 35 young (35840K), 3 survivors (3072K)
 Metaspace       used 75862K, capacity 77606K, committed 77696K, reserved 1116160K
  class space    used 9871K, capacity 10539K, committed 10624K, reserved 1048576K
}
Event: 38.920 GC heap after
{Heap after GC invocations=65 (full 0):
 garbage-first heap   total 129024K, used 61012K [0x0000000080000000, 0x0000000100000000)
  region size 1024K, 5 young (5120K), 5 survivors (5120K)
 Metaspace       used 75862K, capacity 77606K, committed 77696K, reserved 1116160K
  class space    used 9871K, capacity 10539K, committed 10624K, reserved 1048576K
}
Event: 40.855 GC heap before
{Heap before GC invocations=65 (full 0):
 garbage-first heap   total 129024K, used 94804K [0x0000000080000000, 0x0000000100000000)
  region size 1024K, 38 young (38912K), 5 survivors (5120K)
 Metaspace       used 79216K, capacity 81329K, committed 81536K, reserved 1120256K
  class space    used 10353K, capacity 11115K, committed 11136K, reserved 1048576K
}
Event: 40.877 GC heap after
{Heap after GC invocations=66 (full 0):
 garbage-first heap   total 129024K, used 63154K [0x0000000080000000, 0x0000000100000000)
  region size 1024K, 5 young (5120K), 5 survivors (5120K)
 Metaspace       used 79216K, capacity 81329K, committed 81536K, reserved 1120256K
  class space    used 10353K, capacity 11115K, committed 11136K, reserved 1048576K
}
Event: 42.438 GC heap before
{Heap before GC invocations=66 (full 0):
 garbage-first heap   total 129024K, used 95922K [0x0000000080000000, 0x0000000100000000)
  region size 1024K, 38 young (38912K), 5 survivors (5120K)
 Metaspace       used 79811K, capacity 81863K, committed 82176K, reserved 1120256K
  class space    used 10405K, capacity 11157K, committed 11264K, reserved 1048576K
}
Event: 42.462 GC heap after
{Heap after GC invocations=67 (full 0):
 garbage-first heap   total 129024K, used 65288K [0x0000000080000000, 0x0000000100000000)
  region size 1024K, 5 young (5120K), 5 survivors (5120K)
 Metaspace       used 79811K, capacity 81863K, committed 82176K, reserved 1120256K
  class space    used 10405K, capacity 11157K, committed 11264K, reserved 1048576K
}
Event: 44.476 GC heap before
{Heap before GC invocations=68 (full 0):
 garbage-first heap   total 129024K, used 98056K [0x0000000080000000, 0x0000000100000000)
  region size 1024K, 38 young (38912K), 5 survivors (5120K)
 Metaspace       used 80926K, capacity 83006K, committed 83328K, reserved 1122304K
  class space    used 10511K, capacity 11298K, committed 11392K, reserved 1048576K
}

