# JRE version: OpenJDK Runtime Environment (11.0.10) (build 11.0.10+0-b96-7249189)
# Java VM: OpenJDK 64-Bit Server VM (11.0.10+0-b96-7249189, mixed mode, tiered, compressed oops, g1 gc, windows-amd64)
Heap:
 garbage-first heap   total 114688K, used 66699K [0x0000000080000000, 0x0000000100000000)
  region size 1024K, 9 young (9216K), 4 survivors (4096K)
 Metaspace       used 78525K, capacity 80497K, committed 80636K, reserved 1118208K
  class space    used 10284K, capacity 11009K, committed 11136K, reserved 1048576K
GC Heap History (20 events):
Event: 56.054 GC heap before
{Heap before GC invocations=47 (full 0):
 garbage-first heap   total 78848K, used 62344K [0x0000000080000000, 0x0000000100000000)
  region size 1024K, 13 young (13312K), 2 survivors (2048K)
 Metaspace       used 63753K, capacity 65295K, committed 65404K, reserved 1105920K
  class space    used 8093K, capacity 8666K, committed 8704K, reserved 1048576K
}
Event: 56.062 GC heap after
{Heap after GC invocations=48 (full 0):
 garbage-first heap   total 78848K, used 52139K [0x0000000080000000, 0x0000000100000000)
  region size 1024K, 2 young (2048K), 2 survivors (2048K)
 Metaspace       used 63753K, capacity 65295K, committed 65404K, reserved 1105920K
  class space    used 8093K, capacity 8666K, committed 8704K, reserved 1048576K
}
Event: 56.423 GC heap before
{Heap before GC invocations=49 (full 0):
 garbage-first heap   total 78848K, used 62379K [0x0000000080000000, 0x0000000100000000)
  region size 1024K, 12 young (12288K), 2 survivors (2048K)
 Metaspace       used 64861K, capacity 66384K, committed 66556K, reserved 1107968K
  class space    used 8248K, capacity 8794K, committed 8832K, reserved 1048576K
}
Event: 56.427 GC heap after
{Heap after GC invocations=50 (full 0):
 garbage-first heap   total 78848K, used 52826K [0x0000000080000000, 0x0000000100000000)
  region size 1024K, 2 young (2048K), 2 survivors (2048K)
 Metaspace       used 64861K, capacity 66384K, committed 66556K, reserved 1107968K
  class space    used 8248K, capacity 8794K, committed 8832K, reserved 1048576K
}
Event: 56.915 GC heap before
{Heap before GC invocations=50 (full 0):
 garbage-first heap   total 78848K, used 64090K [0x0000000080000000, 0x0000000100000000)
  region size 1024K, 13 young (13312K), 2 survivors (2048K)
 Metaspace       used 66616K, capacity 68196K, committed 68476K, reserved 1107968K
  class space    used 8592K, capacity 9185K, committed 9216K, reserved 1048576K
}
Event: 56.921 GC heap after
{Heap after GC invocations=51 (full 0):
 garbage-first heap   total 78848K, used 53336K [0x0000000080000000, 0x0000000100000000)
  region size 1024K, 2 young (2048K), 2 survivors (2048K)
 Metaspace       used 66616K, capacity 68196K, committed 68476K, reserved 1107968K
  class space    used 8592K, capacity 9185K, committed 9216K, reserved 1048576K
}
Event: 57.512 GC heap before
{Heap before GC invocations=52 (full 0):
 garbage-first heap   total 78848K, used 64600K [0x0000000080000000, 0x0000000100000000)
  region size 1024K, 13 young (13312K), 2 survivors (2048K)
 Metaspace       used 67968K, capacity 69648K, committed 69756K, reserved 1110016K
  class space    used 8784K, capacity 9386K, committed 9472K, reserved 1048576K
}
Event: 57.520 GC heap after
{Heap after GC invocations=53 (full 0):
 garbage-first heap   total 95232K, used 54016K [0x0000000080000000, 0x0000000100000000)
  region size 1024K, 2 young (2048K), 2 survivors (2048K)
 Metaspace       used 67968K, capacity 69648K, committed 69756K, reserved 1110016K
  class space    used 8784K, capacity 9386K, committed 9472K, reserved 1048576K
}
Event: 58.266 GC heap before
{Heap before GC invocations=53 (full 0):
 garbage-first heap   total 95232K, used 72448K [0x0000000080000000, 0x0000000100000000)
  region size 1024K, 20 young (20480K), 2 survivors (2048K)
 Metaspace       used 69512K, capacity 71206K, committed 71548K, reserved 1112064K
  class space    used 9002K, capacity 9619K, committed 9728K, reserved 1048576K
}
Event: 58.275 GC heap after
{Heap after GC invocations=54 (full 0):
 garbage-first heap   total 95232K, used 55490K [0x0000000080000000, 0x0000000100000000)
  region size 1024K, 3 young (3072K), 3 survivors (3072K)
 Metaspace       used 69512K, capacity 71206K, committed 71548K, reserved 1112064K
  class space    used 9002K, capacity 9619K, committed 9728K, reserved 1048576K
}
Event: 59.207 GC heap before
{Heap before GC invocations=55 (full 0):
 garbage-first heap   total 95232K, used 73922K [0x0000000080000000, 0x0000000100000000)
  region size 1024K, 21 young (21504K), 3 survivors (3072K)
 Metaspace       used 71237K, capacity 72913K, committed 73084K, reserved 1112064K
  class space    used 9257K, capacity 9866K, committed 9984K, reserved 1048576K
}
Event: 59.216 GC heap after
{Heap after GC invocations=56 (full 0):
 garbage-first heap   total 95232K, used 56280K [0x0000000080000000, 0x0000000100000000)
  region size 1024K, 3 young (3072K), 3 survivors (3072K)
 Metaspace       used 71237K, capacity 72913K, committed 73084K, reserved 1112064K
  class space    used 9257K, capacity 9866K, committed 9984K, reserved 1048576K
}
Event: 60.137 GC heap before
{Heap before GC invocations=56 (full 0):
 garbage-first heap   total 95232K, used 74712K [0x0000000080000000, 0x0000000100000000)
  region size 1024K, 21 young (21504K), 3 survivors (3072K)
 Metaspace       used 74187K, capacity 75995K, committed 76284K, reserved 1116160K
  class space    used 9666K, capacity 10307K, committed 10368K, reserved 1048576K
}
Event: 60.146 GC heap after
{Heap after GC invocations=57 (full 0):
 garbage-first heap   total 95232K, used 57316K [0x0000000080000000, 0x0000000100000000)
  region size 1024K, 2 young (2048K), 2 survivors (2048K)
 Metaspace       used 74187K, capacity 75995K, committed 76284K, reserved 1116160K
  class space    used 9666K, capacity 10307K, committed 10368K, reserved 1048576K
}
Event: 60.718 GC heap before
{Heap before GC invocations=58 (full 0):
 garbage-first heap   total 95232K, used 75748K [0x0000000080000000, 0x0000000100000000)
  region size 1024K, 20 young (20480K), 2 survivors (2048K)
 Metaspace       used 75660K, capacity 77500K, committed 77820K, reserved 1116160K
  class space    used 9848K, capacity 10505K, committed 10624K, reserved 1048576K
}
Event: 60.730 GC heap after
{Heap after GC invocations=59 (full 0):
 garbage-first heap   total 114688K, used 58919K [0x0000000080000000, 0x0000000100000000)
  region size 1024K, 3 young (3072K), 3 survivors (3072K)
 Metaspace       used 75660K, capacity 77500K, committed 77820K, reserved 1116160K
  class space    used 9848K, capacity 10505K, committed 10624K, reserved 1048576K
}
Event: 62.012 GC heap before
{Heap before GC invocations=59 (full 0):
 garbage-first heap   total 114688K, used 85543K [0x0000000080000000, 0x0000000100000000)
  region size 1024K, 29 young (29696K), 3 survivors (3072K)
 Metaspace       used 77906K, capacity 79792K, committed 79996K, reserved 1118208K
  class space    used 10217K, capacity 10952K, committed 11008K, reserved 1048576K
}
Event: 62.031 GC heap after
{Heap after GC invocations=60 (full 0):
 garbage-first heap   total 114688K, used 60813K [0x0000000080000000, 0x0000000100000000)
  region size 1024K, 4 young (4096K), 4 survivors (4096K)
 Metaspace       used 77906K, capacity 79792K, committed 79996K, reserved 1118208K
  class space    used 10217K, capacity 10952K, committed 11008K, reserved 1048576K
}
Event: 63.672 GC heap before
{Heap before GC invocations=61 (full 0):
 garbage-first heap   total 114688K, used 86413K [0x0000000080000000, 0x0000000100000000)
  region size 1024K, 29 young (29696K), 4 survivors (4096K)
 Metaspace       used 78441K, capacity 80410K, committed 80508K, reserved 1118208K
  class space    used 10272K, capacity 11002K, committed 11008K, reserved 1048576K
}
Event: 63.693 GC heap after
{Heap after GC invocations=62 (full 0):
 garbage-first heap   total 114688K, used 62603K [0x0000000080000000, 0x0000000100000000)
  region size 1024K, 4 young (4096K), 4 survivors (4096K)
 Metaspace       used 78441K, capacity 80410K, committed 80508K, reserved 1118208K
  class space    used 10272K, capacity 11002K, committed 11008K, reserved 1048576K
}

