# JRE version: OpenJDK Runtime Environment (11.0.10) (build 11.0.10+0-b96-7249189)
# Java VM: OpenJDK 64-Bit Server VM (11.0.10+0-b96-7249189, mixed mode, tiered, compressed oops, g1 gc, windows-amd64)
Heap:
 garbage-first heap   total 78848K, used 50920K [0x0000000080000000, 0x0000000100000000)
  region size 1024K, 1 young (1024K), 1 survivors (1024K)
 Metaspace       used 43812K, capacity 45063K, committed 45184K, reserved 1089536K
  class space    used 5517K, capacity 5975K, committed 6016K, reserved 1048576K
GC Heap History (20 events):
Event: 16.476 GC heap after
{Heap after GC invocations=13 (full 0):
 garbage-first heap   total 65536K, used 34525K [0x0000000080000000, 0x0000000100000000)
  region size 1024K, 3 young (3072K), 3 survivors (3072K)
 Metaspace       used 33963K, capacity 34853K, committed 35072K, reserved 1079296K
  class space    used 4466K, capacity 4797K, committed 4864K, reserved 1048576K
}
Event: 16.981 GC heap before
{Heap before GC invocations=13 (full 0):
 garbage-first heap   total 65536K, used 50909K [0x0000000080000000, 0x0000000100000000)
  region size 1024K, 20 young (20480K), 3 survivors (3072K)
 Metaspace       used 37626K, capacity 38639K, committed 38784K, reserved 1083392K
  class space    used 4869K, capacity 5207K, committed 5248K, reserved 1048576K
}
Event: 16.994 GC heap after
{Heap after GC invocations=14 (full 0):
 garbage-first heap   total 65536K, used 36975K [0x0000000080000000, 0x0000000100000000)
  region size 1024K, 3 young (3072K), 3 survivors (3072K)
 Metaspace       used 37626K, capacity 38639K, committed 38784K, reserved 1083392K
  class space    used 4869K, capacity 5207K, committed 5248K, reserved 1048576K
}
Event: 17.133 GC heap before
{Heap before GC invocations=15 (full 0):
 garbage-first heap   total 65536K, used 52335K [0x0000000080000000, 0x0000000100000000)
  region size 1024K, 18 young (18432K), 3 survivors (3072K)
 Metaspace       used 37661K, capacity 38650K, committed 38784K, reserved 1083392K
  class space    used 4871K, capacity 5208K, committed 5248K, reserved 1048576K
}
Event: 17.141 GC heap after
{Heap after GC invocations=16 (full 0):
 garbage-first heap   total 65536K, used 37463K [0x0000000080000000, 0x0000000100000000)
  region size 1024K, 2 young (2048K), 2 survivors (2048K)
 Metaspace       used 37661K, capacity 38650K, committed 38784K, reserved 1083392K
  class space    used 4871K, capacity 5208K, committed 5248K, reserved 1048576K
}
Event: 17.263 GC heap before
{Heap before GC invocations=16 (full 0):
 garbage-first heap   total 65536K, used 41559K [0x0000000080000000, 0x0000000100000000)
  region size 1024K, 8 young (8192K), 2 survivors (2048K)
 Metaspace       used 38004K, capacity 38989K, committed 39168K, reserved 1083392K
  class space    used 4920K, capacity 5257K, committed 5376K, reserved 1048576K
}
Event: 17.267 GC heap after
{Heap after GC invocations=17 (full 0):
 garbage-first heap   total 65536K, used 38280K [0x0000000080000000, 0x0000000100000000)
  region size 1024K, 3 young (3072K), 3 survivors (3072K)
 Metaspace       used 38004K, capacity 38989K, committed 39168K, reserved 1083392K
  class space    used 4920K, capacity 5257K, committed 5376K, reserved 1048576K
}
Event: 17.665 GC heap before
{Heap before GC invocations=18 (full 0):
 garbage-first heap   total 65536K, used 54664K [0x0000000080000000, 0x0000000100000000)
  region size 1024K, 16 young (16384K), 3 survivors (3072K)
 Metaspace       used 39984K, capacity 40963K, committed 41088K, reserved 1085440K
  class space    used 5118K, capacity 5467K, committed 5504K, reserved 1048576K
}
Event: 17.670 GC heap after
{Heap after GC invocations=19 (full 0):
 garbage-first heap   total 65536K, used 38424K [0x0000000080000000, 0x0000000100000000)
  region size 1024K, 2 young (2048K), 2 survivors (2048K)
 Metaspace       used 39984K, capacity 40963K, committed 41088K, reserved 1085440K
  class space    used 5118K, capacity 5467K, committed 5504K, reserved 1048576K
}
Event: 17.882 GC heap before
{Heap before GC invocations=19 (full 0):
 garbage-first heap   total 65536K, used 52760K [0x0000000080000000, 0x0000000100000000)
  region size 1024K, 16 young (16384K), 2 survivors (2048K)
 Metaspace       used 41152K, capacity 42196K, committed 42368K, reserved 1085440K
  class space    used 5291K, capacity 5689K, committed 5760K, reserved 1048576K
}
Event: 17.886 GC heap after
{Heap after GC invocations=20 (full 0):
 garbage-first heap   total 65536K, used 38632K [0x0000000080000000, 0x0000000100000000)
  region size 1024K, 2 young (2048K), 2 survivors (2048K)
 Metaspace       used 41152K, capacity 42196K, committed 42368K, reserved 1085440K
  class space    used 5291K, capacity 5689K, committed 5760K, reserved 1048576K
}
Event: 18.134 GC heap before
{Heap before GC invocations=21 (full 0):
 garbage-first heap   total 65536K, used 47848K [0x0000000080000000, 0x0000000100000000)
  region size 1024K, 12 young (12288K), 2 survivors (2048K)
 Metaspace       used 41820K, capacity 42884K, committed 43008K, reserved 1087488K
  class space    used 5394K, capacity 5812K, committed 5888K, reserved 1048576K
}
Event: 18.142 GC heap after
{Heap after GC invocations=22 (full 0):
 garbage-first heap   total 65536K, used 39145K [0x0000000080000000, 0x0000000100000000)
  region size 1024K, 2 young (2048K), 2 survivors (2048K)
 Metaspace       used 41820K, capacity 42884K, committed 43008K, reserved 1087488K
  class space    used 5394K, capacity 5812K, committed 5888K, reserved 1048576K
}
Event: 18.408 GC heap before
{Heap before GC invocations=23 (full 0):
 garbage-first heap   total 65536K, used 48361K [0x0000000080000000, 0x0000000100000000)
  region size 1024K, 7 young (7168K), 2 survivors (2048K)
 Metaspace       used 42051K, capacity 43127K, committed 43264K, reserved 1087488K
  class space    used 5411K, capacity 5823K, committed 5888K, reserved 1048576K
}
Event: 18.415 GC heap after
{Heap after GC invocations=24 (full 0):
 garbage-first heap   total 65536K, used 45456K [0x0000000080000000, 0x0000000100000000)
  region size 1024K, 2 young (2048K), 2 survivors (2048K)
 Metaspace       used 42051K, capacity 43127K, committed 43264K, reserved 1087488K
  class space    used 5411K, capacity 5823K, committed 5888K, reserved 1048576K
}
Event: 18.656 GC heap before
{Heap before GC invocations=25 (full 0):
 garbage-first heap   total 65536K, used 56720K [0x0000000080000000, 0x0000000100000000)
  region size 1024K, 10 young (10240K), 2 survivors (2048K)
 Metaspace       used 42418K, capacity 43655K, committed 43904K, reserved 1087488K
  class space    used 5464K, capacity 5911K, committed 6016K, reserved 1048576K
}
Event: 18.662 GC heap after
{Heap after GC invocations=26 (full 0):
 garbage-first heap   total 65536K, used 50620K [0x0000000080000000, 0x0000000100000000)
  region size 1024K, 2 young (2048K), 2 survivors (2048K)
 Metaspace       used 42418K, capacity 43655K, committed 43904K, reserved 1087488K
  class space    used 5464K, capacity 5911K, committed 6016K, reserved 1048576K
}
Event: 18.721 GC heap before
{Heap before GC invocations=26 (full 0):
 garbage-first heap   total 65536K, used 53692K [0x0000000080000000, 0x0000000100000000)
  region size 1024K, 7 young (7168K), 2 survivors (2048K)
 Metaspace       used 42732K, capacity 43911K, committed 44160K, reserved 1087488K
  class space    used 5484K, capacity 5911K, committed 6016K, reserved 1048576K
}
Event: 18.727 GC heap after
{Heap after GC invocations=27 (full 0):
 garbage-first heap   total 65536K, used 51231K [0x0000000080000000, 0x0000000100000000)
  region size 1024K, 1 young (1024K), 1 survivors (1024K)
 Metaspace       used 42732K, capacity 43911K, committed 44160K, reserved 1087488K
  class space    used 5484K, capacity 5911K, committed 6016K, reserved 1048576K
}
Event: 18.920 GC heap before
{Heap before GC invocations=28 (full 0):
 garbage-first heap   total 65536K, used 55327K [0x0000000080000000, 0x0000000100000000)
  region size 1024K, 5 young (5120K), 1 survivors (1024K)
 Metaspace       used 43812K, capacity 45063K, committed 45184K, reserved 1089536K
  class space    used 5517K, capacity 5975K, committed 6016K, reserved 1048576K
}

