# JRE version: OpenJDK Runtime Environment (11.0.10) (build 11.0.10+0-b96-7249189)
# Java VM: OpenJDK 64-Bit Server VM (11.0.10+0-b96-7249189, mixed mode, tiered, compressed oops, g1 gc, windows-amd64)
Heap:
 garbage-first heap   total 78848K, used 43934K [0x0000000080000000, 0x0000000100000000)
  region size 1024K, 25 young (25600K), 3 survivors (3072K)
 Metaspace       used 26083K, capacity 26753K, committed 27008K, reserved 1073152K
  class space    used 3417K, capacity 3653K, committed 3712K, reserved 1048576K
GC Heap History (14 events):
Event: 1.468 GC heap before
{Heap before GC invocations=0 (full 0):
 garbage-first heap   total 65536K, used 19456K [0x0000000080000000, 0x0000000100000000)
  region size 1024K, 14 young (14336K), 0 survivors (0K)
 Metaspace       used 6739K, capacity 6925K, committed 7168K, reserved 1056768K
  class space    used 582K, capacity 650K, committed 768K, reserved 1048576K
}
Event: 1.479 GC heap after
{Heap after GC invocations=1 (full 0):
 garbage-first heap   total 65536K, used 7777K [0x0000000080000000, 0x0000000100000000)
  region size 1024K, 2 young (2048K), 2 survivors (2048K)
 Metaspace       used 6739K, capacity 6925K, committed 7168K, reserved 1056768K
  class space    used 582K, capacity 650K, committed 768K, reserved 1048576K
}
Event: 2.097 GC heap before
{Heap before GC invocations=1 (full 0):
 garbage-first heap   total 65536K, used 19041K [0x0000000080000000, 0x0000000100000000)
  region size 1024K, 13 young (13312K), 2 survivors (2048K)
 Metaspace       used 9845K, capacity 10054K, committed 10112K, reserved 1058816K
  class space    used 1022K, capacity 1102K, committed 1152K, reserved 1048576K
}
Event: 2.104 GC heap after
{Heap after GC invocations=2 (full 0):
 garbage-first heap   total 65536K, used 9103K [0x0000000080000000, 0x0000000100000000)
  region size 1024K, 2 young (2048K), 2 survivors (2048K)
 Metaspace       used 9845K, capacity 10054K, committed 10112K, reserved 1058816K
  class space    used 1022K, capacity 1102K, committed 1152K, reserved 1048576K
}
Event: 3.236 GC heap before
{Heap before GC invocations=2 (full 0):
 garbage-first heap   total 65536K, used 31631K [0x0000000080000000, 0x0000000100000000)
  region size 1024K, 24 young (24576K), 2 survivors (2048K)
 Metaspace       used 10761K, capacity 11007K, committed 11264K, reserved 1058816K
  class space    used 1123K, capacity 1206K, committed 1280K, reserved 1048576K
}
Event: 3.242 GC heap after
{Heap after GC invocations=3 (full 0):
 garbage-first heap   total 65536K, used 9556K [0x0000000080000000, 0x0000000100000000)
  region size 1024K, 2 young (2048K), 2 survivors (2048K)
 Metaspace       used 10761K, capacity 11007K, committed 11264K, reserved 1058816K
  class space    used 1123K, capacity 1206K, committed 1280K, reserved 1048576K
}
Event: 4.049 GC heap before
{Heap before GC invocations=3 (full 0):
 garbage-first heap   total 65536K, used 42324K [0x0000000080000000, 0x0000000100000000)
  region size 1024K, 34 young (34816K), 2 survivors (2048K)
 Metaspace       used 14071K, capacity 14449K, committed 14592K, reserved 1062912K
  class space    used 1594K, capacity 1716K, committed 1792K, reserved 1048576K
}
Event: 4.057 GC heap after
{Heap after GC invocations=4 (full 0):
 garbage-first heap   total 65536K, used 15242K [0x0000000080000000, 0x0000000100000000)
  region size 1024K, 5 young (5120K), 5 survivors (5120K)
 Metaspace       used 14071K, capacity 14449K, committed 14592K, reserved 1062912K
  class space    used 1594K, capacity 1716K, committed 1792K, reserved 1048576K
}
Event: 5.719 GC heap before
{Heap before GC invocations=4 (full 0):
 garbage-first heap   total 65536K, used 42890K [0x0000000080000000, 0x0000000100000000)
  region size 1024K, 32 young (32768K), 5 survivors (5120K)
 Metaspace       used 19158K, capacity 19583K, committed 19712K, reserved 1067008K
  class space    used 2322K, capacity 2447K, committed 2560K, reserved 1048576K
}
Event: 5.730 GC heap after
{Heap after GC invocations=5 (full 0):
 garbage-first heap   total 65536K, used 16216K [0x0000000080000000, 0x0000000100000000)
  region size 1024K, 2 young (2048K), 2 survivors (2048K)
 Metaspace       used 19158K, capacity 19583K, committed 19712K, reserved 1067008K
  class space    used 2322K, capacity 2447K, committed 2560K, reserved 1048576K
}
Event: 6.617 GC heap before
{Heap before GC invocations=5 (full 0):
 garbage-first heap   total 65536K, used 25432K [0x0000000080000000, 0x0000000100000000)
  region size 1024K, 13 young (13312K), 2 survivors (2048K)
 Metaspace       used 20622K, capacity 21121K, committed 21248K, reserved 1067008K
  class space    used 2516K, capacity 2731K, committed 2816K, reserved 1048576K
}
Event: 6.623 GC heap after
{Heap after GC invocations=6 (full 0):
 garbage-first heap   total 78848K, used 16532K [0x0000000080000000, 0x0000000100000000)
  region size 1024K, 2 young (2048K), 2 survivors (2048K)
 Metaspace       used 20622K, capacity 21121K, committed 21248K, reserved 1067008K
  class space    used 2516K, capacity 2731K, committed 2816K, reserved 1048576K
}
Event: 7.393 GC heap before
{Heap before GC invocations=7 (full 0):
 garbage-first heap   total 78848K, used 46228K [0x0000000080000000, 0x0000000100000000)
  region size 1024K, 31 young (31744K), 2 survivors (2048K)
 Metaspace       used 23573K, capacity 24148K, committed 24320K, reserved 1071104K
  class space    used 3006K, capacity 3233K, committed 3328K, reserved 1048576K
}
Event: 7.402 GC heap after
{Heap after GC invocations=8 (full 0):
 garbage-first heap   total 78848K, used 17310K [0x0000000080000000, 0x0000000100000000)
  region size 1024K, 3 young (3072K), 3 survivors (3072K)
 Metaspace       used 23573K, capacity 24148K, committed 24320K, reserved 1071104K
  class space    used 3006K, capacity 3233K, committed 3328K, reserved 1048576K
}

