# JRE version: OpenJDK Runtime Environment (11.0.10) (build 11.0.10+0-b96-7249189)
# Java VM: OpenJDK 64-Bit Server VM (11.0.10+0-b96-7249189, mixed mode, tiered, compressed oops, g1 gc, windows-amd64)
Heap:
 garbage-first heap   total 65536K, used 34172K [0x0000000080000000, 0x0000000100000000)
  region size 1024K, 7 young (7168K), 4 survivors (4096K)
 Metaspace       used 28059K, capacity 28850K, committed 28928K, reserved 1075200K
  class space    used 3726K, capacity 4032K, committed 4096K, reserved 1048576K
GC Heap History (16 events):
Event: 3.892 GC heap before
{Heap before GC invocations=0 (full 0):
 garbage-first heap   total 65536K, used 19456K [0x0000000080000000, 0x0000000100000000)
  region size 1024K, 14 young (14336K), 0 survivors (0K)
 Metaspace       used 6756K, capacity 6929K, committed 7168K, reserved 1056768K
  class space    used 582K, capacity 650K, committed 768K, reserved 1048576K
}
Event: 3.909 GC heap after
{Heap after GC invocations=1 (full 0):
 garbage-first heap   total 65536K, used 7934K [0x0000000080000000, 0x0000000100000000)
  region size 1024K, 2 young (2048K), 2 survivors (2048K)
 Metaspace       used 6756K, capacity 6929K, committed 7168K, reserved 1056768K
  class space    used 582K, capacity 650K, committed 768K, reserved 1048576K
}
Event: 6.208 GC heap before
{Heap before GC invocations=1 (full 0):
 garbage-first heap   total 65536K, used 20222K [0x0000000080000000, 0x0000000100000000)
  region size 1024K, 14 young (14336K), 2 survivors (2048K)
 Metaspace       used 9896K, capacity 10058K, committed 10112K, reserved 1058816K
  class space    used 1021K, capacity 1102K, committed 1152K, reserved 1048576K
}
Event: 6.217 GC heap after
{Heap after GC invocations=2 (full 0):
 garbage-first heap   total 65536K, used 9188K [0x0000000080000000, 0x0000000100000000)
  region size 1024K, 2 young (2048K), 2 survivors (2048K)
 Metaspace       used 9896K, capacity 10058K, committed 10112K, reserved 1058816K
  class space    used 1021K, capacity 1102K, committed 1152K, reserved 1048576K
}
Event: 8.151 GC heap before
{Heap before GC invocations=2 (full 0):
 garbage-first heap   total 65536K, used 30692K [0x0000000080000000, 0x0000000100000000)
  region size 1024K, 24 young (24576K), 2 survivors (2048K)
 Metaspace       used 10791K, capacity 11011K, committed 11264K, reserved 1058816K
  class space    used 1122K, capacity 1206K, committed 1280K, reserved 1048576K
}
Event: 8.157 GC heap after
{Heap after GC invocations=3 (full 0):
 garbage-first heap   total 65536K, used 9660K [0x0000000080000000, 0x0000000100000000)
  region size 1024K, 2 young (2048K), 2 survivors (2048K)
 Metaspace       used 10791K, capacity 11011K, committed 11264K, reserved 1058816K
  class space    used 1122K, capacity 1206K, committed 1280K, reserved 1048576K
}
Event: 11.488 GC heap before
{Heap before GC invocations=3 (full 0):
 garbage-first heap   total 65536K, used 44476K [0x0000000080000000, 0x0000000100000000)
  region size 1024K, 35 young (35840K), 2 survivors (2048K)
 Metaspace       used 14951K, capacity 15298K, committed 15488K, reserved 1062912K
  class space    used 1707K, capacity 1829K, committed 1920K, reserved 1048576K
}
Event: 11.505 GC heap after
{Heap after GC invocations=4 (full 0):
 garbage-first heap   total 65536K, used 14912K [0x0000000080000000, 0x0000000100000000)
  region size 1024K, 5 young (5120K), 5 survivors (5120K)
 Metaspace       used 14951K, capacity 15298K, committed 15488K, reserved 1062912K
  class space    used 1707K, capacity 1829K, committed 1920K, reserved 1048576K
}
Event: 13.680 GC heap before
{Heap before GC invocations=4 (full 0):
 garbage-first heap   total 65536K, used 41536K [0x0000000080000000, 0x0000000100000000)
  region size 1024K, 31 young (31744K), 5 survivors (5120K)
 Metaspace       used 19211K, capacity 19619K, committed 19712K, reserved 1067008K
  class space    used 2326K, capacity 2479K, committed 2560K, reserved 1048576K
}
Event: 13.701 GC heap after
{Heap after GC invocations=5 (full 0):
 garbage-first heap   total 65536K, used 16512K [0x0000000080000000, 0x0000000100000000)
  region size 1024K, 2 young (2048K), 2 survivors (2048K)
 Metaspace       used 19211K, capacity 19619K, committed 19712K, reserved 1067008K
  class space    used 2326K, capacity 2479K, committed 2560K, reserved 1048576K
}
Event: 14.275 GC heap before
{Heap before GC invocations=5 (full 0):
 garbage-first heap   total 65536K, used 25728K [0x0000000080000000, 0x0000000100000000)
  region size 1024K, 12 young (12288K), 2 survivors (2048K)
 Metaspace       used 20589K, capacity 21093K, committed 21248K, reserved 1067008K
  class space    used 2509K, capacity 2699K, committed 2816K, reserved 1048576K
}
Event: 14.282 GC heap after
{Heap after GC invocations=6 (full 0):
 garbage-first heap   total 65536K, used 16692K [0x0000000080000000, 0x0000000100000000)
  region size 1024K, 2 young (2048K), 2 survivors (2048K)
 Metaspace       used 20589K, capacity 21093K, committed 21248K, reserved 1067008K
  class space    used 2509K, capacity 2699K, committed 2816K, reserved 1048576K
}
Event: 15.269 GC heap before
{Heap before GC invocations=7 (full 0):
 garbage-first heap   total 65536K, used 42292K [0x0000000080000000, 0x0000000100000000)
  region size 1024K, 27 young (27648K), 2 survivors (2048K)
 Metaspace       used 23172K, capacity 23790K, committed 23936K, reserved 1071104K
  class space    used 2941K, capacity 3154K, committed 3200K, reserved 1048576K
}
Event: 15.275 GC heap after
{Heap after GC invocations=8 (full 0):
 garbage-first heap   total 65536K, used 17435K [0x0000000080000000, 0x0000000100000000)
  region size 1024K, 3 young (3072K), 3 survivors (3072K)
 Metaspace       used 23172K, capacity 23790K, committed 23936K, reserved 1071104K
  class space    used 2941K, capacity 3154K, committed 3200K, reserved 1048576K
}
Event: 16.169 GC heap before
{Heap before GC invocations=8 (full 0):
 garbage-first heap   total 65536K, used 49179K [0x0000000080000000, 0x0000000100000000)
  region size 1024K, 29 young (29696K), 3 survivors (3072K)
 Metaspace       used 26062K, capacity 26685K, committed 26752K, reserved 1073152K
  class space    used 3412K, capacity 3649K, committed 3712K, reserved 1048576K
}
Event: 16.178 GC heap after
{Heap after GC invocations=9 (full 0):
 garbage-first heap   total 65536K, used 24374K [0x0000000080000000, 0x0000000100000000)
  region size 1024K, 3 young (3072K), 3 survivors (3072K)
 Metaspace       used 26062K, capacity 26685K, committed 26752K, reserved 1073152K
  class space    used 3412K, capacity 3649K, committed 3712K, reserved 1048576K
}

